e:\test\opengl\debug\vc142.pdb
e:\test\opengl\debug\vc142.idb
e:\test\opengl\debug\main.obj
e:\test\opengl\debug\1_window.obj
e:\test\opengl\debug\2_triangle_t1.obj
e:\test\opengl\debug\2_triangle.obj
e:\test\opengl\debug\2_triangle_t1_1.obj
e:\test\opengl\debug\2_triangle_t2.obj
e:\test\opengl\debug\2_triangle_t3.obj
e:\test\opengl\debug\3_shader.obj
e:\test\opengl\debug\3_shader_t1.obj
e:\test\opengl\debug\shader.obj
e:\test\opengl\debug\3_shader_t2.obj
e:\test\opengl\debug\4_texture.obj
e:\test\opengl\debug\4_texture_t2.obj
e:\test\opengl\debug\4_texture_t3.obj
e:\test\opengl\debug\4_texture_t4.obj
e:\test\opengl\debug\5_transformation.obj
e:\test\opengl\debug\5_transformation_t2.obj
e:\test\opengl\debug\6_coordinatesystem.obj
e:\test\opengl\debug\6_coordinatesystem_cube.obj
e:\test\opengl\debug\6_coordinatesystem_cube_more.obj
e:\test\opengl\debug\7_camera.obj
e:\test\opengl\debug\9_color.obj
e:\test\opengl\debug\10_lightbase.obj
e:\test\opengl\debug\11_material.obj
e:\test\opengl\debug\12_lighttexture.obj
e:\test\opengl\debug\12_lighttexture_t4.obj
e:\test\opengl\debug\13_throwlight.obj
e:\test\opengl\debug\14_morelight.obj
e:\test\opengl\debug\15_model.obj
e:\test\opengl\debug\opengl.exe
e:\test\opengl\debug\opengl.pdb
e:\test\opengl\debug\lnk{2cac505a-94ef-4f16-a5bd-04070d177b4f}.tmp
e:\test\opengl\debug\lnk{960c50d7-13d4-4dd9-ac8e-4b947449e335}.tmp
e:\test\opengl\debug\opengl.tlog\cl.command.1.tlog
e:\test\opengl\debug\opengl.tlog\cl.read.1.tlog
e:\test\opengl\debug\opengl.tlog\cl.write.1.tlog
e:\test\opengl\debug\opengl.tlog\link.100120.delete.1.tlog
e:\test\opengl\debug\opengl.tlog\link.100496.96620.delete.1.tlog
e:\test\opengl\debug\opengl.tlog\link.100608.delete.1.tlog
e:\test\opengl\debug\opengl.tlog\link.100828.delete.1.tlog
e:\test\opengl\debug\opengl.tlog\link.100956.delete.1.tlog
e:\test\opengl\debug\opengl.tlog\link.101176.delete.1.tlog
e:\test\opengl\debug\opengl.tlog\link.101304.delete.1.tlog
e:\test\opengl\debug\opengl.tlog\link.101708.delete.1.tlog
e:\test\opengl\debug\opengl.tlog\link.10180.delete.1.tlog
e:\test\opengl\debug\opengl.tlog\link.102120.delete.1.tlog
e:\test\opengl\debug\opengl.tlog\link.102220.delete.1.tlog
e:\test\opengl\debug\opengl.tlog\link.102552.delete.1.tlog
e:\test\opengl\debug\opengl.tlog\link.102584.delete.1.tlog
e:\test\opengl\debug\opengl.tlog\link.102704.delete.1.tlog
e:\test\opengl\debug\opengl.tlog\link.102920.delete.1.tlog
e:\test\opengl\debug\opengl.tlog\link.103248.delete.1.tlog
e:\test\opengl\debug\opengl.tlog\link.103444.delete.1.tlog
e:\test\opengl\debug\opengl.tlog\link.103580.delete.1.tlog
e:\test\opengl\debug\opengl.tlog\link.103620.delete.1.tlog
e:\test\opengl\debug\opengl.tlog\link.103672.delete.1.tlog
e:\test\opengl\debug\opengl.tlog\link.104008.delete.1.tlog
e:\test\opengl\debug\opengl.tlog\link.104100.delete.1.tlog
e:\test\opengl\debug\opengl.tlog\link.104244.delete.1.tlog
e:\test\opengl\debug\opengl.tlog\link.104284.delete.1.tlog
e:\test\opengl\debug\opengl.tlog\link.104380.delete.1.tlog
e:\test\opengl\debug\opengl.tlog\link.104444.delete.1.tlog
e:\test\opengl\debug\opengl.tlog\link.104540.delete.1.tlog
e:\test\opengl\debug\opengl.tlog\link.104828.delete.1.tlog
e:\test\opengl\debug\opengl.tlog\link.10488.delete.1.tlog
e:\test\opengl\debug\opengl.tlog\link.104960.delete.1.tlog
e:\test\opengl\debug\opengl.tlog\link.105216.delete.1.tlog
e:\test\opengl\debug\opengl.tlog\link.105628.delete.1.tlog
e:\test\opengl\debug\opengl.tlog\link.105896.delete.1.tlog
e:\test\opengl\debug\opengl.tlog\link.105992.delete.1.tlog
e:\test\opengl\debug\opengl.tlog\link.106580.delete.1.tlog
e:\test\opengl\debug\opengl.tlog\link.106720.delete.1.tlog
e:\test\opengl\debug\opengl.tlog\link.10696.delete.1.tlog
e:\test\opengl\debug\opengl.tlog\link.106984.delete.1.tlog
e:\test\opengl\debug\opengl.tlog\link.107300.delete.1.tlog
e:\test\opengl\debug\opengl.tlog\link.107396.delete.1.tlog
e:\test\opengl\debug\opengl.tlog\link.107420.delete.1.tlog
e:\test\opengl\debug\opengl.tlog\link.107432.delete.1.tlog
e:\test\opengl\debug\opengl.tlog\link.107628.delete.1.tlog
e:\test\opengl\debug\opengl.tlog\link.107932.delete.1.tlog
e:\test\opengl\debug\opengl.tlog\link.111708.delete.1.tlog
e:\test\opengl\debug\opengl.tlog\link.113308.delete.1.tlog
e:\test\opengl\debug\opengl.tlog\link.11472.delete.1.tlog
e:\test\opengl\debug\opengl.tlog\link.116564.delete.1.tlog
e:\test\opengl\debug\opengl.tlog\link.116640.delete.1.tlog
e:\test\opengl\debug\opengl.tlog\link.116648.delete.1.tlog
e:\test\opengl\debug\opengl.tlog\link.11696.delete.1.tlog
e:\test\opengl\debug\opengl.tlog\link.119008.delete.1.tlog
e:\test\opengl\debug\opengl.tlog\link.11924.delete.1.tlog
e:\test\opengl\debug\opengl.tlog\link.124456.delete.1.tlog
e:\test\opengl\debug\opengl.tlog\link.12588.delete.1.tlog
e:\test\opengl\debug\opengl.tlog\link.13180.delete.1.tlog
e:\test\opengl\debug\opengl.tlog\link.13496.delete.1.tlog
e:\test\opengl\debug\opengl.tlog\link.138448.delete.1.tlog
e:\test\opengl\debug\opengl.tlog\link.138576.delete.1.tlog
e:\test\opengl\debug\opengl.tlog\link.13964.delete.1.tlog
e:\test\opengl\debug\opengl.tlog\link.14128.delete.1.tlog
e:\test\opengl\debug\opengl.tlog\link.144036.delete.1.tlog
e:\test\opengl\debug\opengl.tlog\link.144200.delete.1.tlog
e:\test\opengl\debug\opengl.tlog\link.14500.delete.1.tlog
e:\test\opengl\debug\opengl.tlog\link.146376.delete.1.tlog
e:\test\opengl\debug\opengl.tlog\link.146564.delete.1.tlog
e:\test\opengl\debug\opengl.tlog\link.147024.delete.1.tlog
e:\test\opengl\debug\opengl.tlog\link.147116.delete.1.tlog
e:\test\opengl\debug\opengl.tlog\link.14744.delete.1.tlog
e:\test\opengl\debug\opengl.tlog\link.147552.delete.1.tlog
e:\test\opengl\debug\opengl.tlog\link.148500.delete.1.tlog
e:\test\opengl\debug\opengl.tlog\link.150020.delete.1.tlog
e:\test\opengl\debug\opengl.tlog\link.16500.delete.1.tlog
e:\test\opengl\debug\opengl.tlog\link.16784.delete.1.tlog
e:\test\opengl\debug\opengl.tlog\link.16844.delete.1.tlog
e:\test\opengl\debug\opengl.tlog\link.16988.delete.1.tlog
e:\test\opengl\debug\opengl.tlog\link.17332.delete.1.tlog
e:\test\opengl\debug\opengl.tlog\link.17416.delete.1.tlog
e:\test\opengl\debug\opengl.tlog\link.17436.delete.1.tlog
e:\test\opengl\debug\opengl.tlog\link.17712.delete.1.tlog
e:\test\opengl\debug\opengl.tlog\link.17808.delete.1.tlog
e:\test\opengl\debug\opengl.tlog\link.17812.delete.1.tlog
e:\test\opengl\debug\opengl.tlog\link.17984.delete.1.tlog
e:\test\opengl\debug\opengl.tlog\link.18036.delete.1.tlog
e:\test\opengl\debug\opengl.tlog\link.18224.delete.1.tlog
e:\test\opengl\debug\opengl.tlog\link.18360.delete.1.tlog
e:\test\opengl\debug\opengl.tlog\link.18400.19916.delete.1.tlog
e:\test\opengl\debug\opengl.tlog\link.18436.delete.1.tlog
e:\test\opengl\debug\opengl.tlog\link.18464.delete.1.tlog
e:\test\opengl\debug\opengl.tlog\link.18588.delete.1.tlog
e:\test\opengl\debug\opengl.tlog\link.18920.delete.1.tlog
e:\test\opengl\debug\opengl.tlog\link.19132.delete.1.tlog
e:\test\opengl\debug\opengl.tlog\link.19316.delete.1.tlog
e:\test\opengl\debug\opengl.tlog\link.19452.delete.1.tlog
e:\test\opengl\debug\opengl.tlog\link.19564.delete.1.tlog
e:\test\opengl\debug\opengl.tlog\link.1968.delete.1.tlog
e:\test\opengl\debug\opengl.tlog\link.19932.delete.1.tlog
e:\test\opengl\debug\opengl.tlog\link.20316.delete.1.tlog
e:\test\opengl\debug\opengl.tlog\link.20384.delete.1.tlog
e:\test\opengl\debug\opengl.tlog\link.20716.delete.1.tlog
e:\test\opengl\debug\opengl.tlog\link.20824.delete.1.tlog
e:\test\opengl\debug\opengl.tlog\link.21344.delete.1.tlog
e:\test\opengl\debug\opengl.tlog\link.21452.delete.1.tlog
e:\test\opengl\debug\opengl.tlog\link.21744.delete.1.tlog
e:\test\opengl\debug\opengl.tlog\link.21780.delete.1.tlog
e:\test\opengl\debug\opengl.tlog\link.21868.delete.1.tlog
e:\test\opengl\debug\opengl.tlog\link.22092.delete.1.tlog
e:\test\opengl\debug\opengl.tlog\link.22192.delete.1.tlog
e:\test\opengl\debug\opengl.tlog\link.22276.delete.1.tlog
e:\test\opengl\debug\opengl.tlog\link.22312.delete.1.tlog
e:\test\opengl\debug\opengl.tlog\link.22648.delete.1.tlog
e:\test\opengl\debug\opengl.tlog\link.23180.delete.1.tlog
e:\test\opengl\debug\opengl.tlog\link.23284.delete.1.tlog
e:\test\opengl\debug\opengl.tlog\link.23540.delete.1.tlog
e:\test\opengl\debug\opengl.tlog\link.23744.delete.1.tlog
e:\test\opengl\debug\opengl.tlog\link.23904.delete.1.tlog
e:\test\opengl\debug\opengl.tlog\link.23968.delete.1.tlog
e:\test\opengl\debug\opengl.tlog\link.24136.delete.1.tlog
e:\test\opengl\debug\opengl.tlog\link.25004.delete.1.tlog
e:\test\opengl\debug\opengl.tlog\link.25768.delete.1.tlog
e:\test\opengl\debug\opengl.tlog\link.25896.delete.1.tlog
e:\test\opengl\debug\opengl.tlog\link.25928.delete.1.tlog
e:\test\opengl\debug\opengl.tlog\link.26196.delete.1.tlog
e:\test\opengl\debug\opengl.tlog\link.26904.delete.1.tlog
e:\test\opengl\debug\opengl.tlog\link.26924.delete.1.tlog
e:\test\opengl\debug\opengl.tlog\link.27052.delete.1.tlog
e:\test\opengl\debug\opengl.tlog\link.27232.delete.1.tlog
e:\test\opengl\debug\opengl.tlog\link.27416.delete.1.tlog
e:\test\opengl\debug\opengl.tlog\link.2764.delete.1.tlog
e:\test\opengl\debug\opengl.tlog\link.27708.delete.1.tlog
e:\test\opengl\debug\opengl.tlog\link.28160.delete.1.tlog
e:\test\opengl\debug\opengl.tlog\link.28368.delete.1.tlog
e:\test\opengl\debug\opengl.tlog\link.28732.delete.1.tlog
e:\test\opengl\debug\opengl.tlog\link.28824.delete.1.tlog
e:\test\opengl\debug\opengl.tlog\link.29108.delete.1.tlog
e:\test\opengl\debug\opengl.tlog\link.292.delete.1.tlog
e:\test\opengl\debug\opengl.tlog\link.29732.delete.1.tlog
e:\test\opengl\debug\opengl.tlog\link.29808.delete.1.tlog
e:\test\opengl\debug\opengl.tlog\link.30120.delete.1.tlog
e:\test\opengl\debug\opengl.tlog\link.30440.delete.1.tlog
e:\test\opengl\debug\opengl.tlog\link.30464.delete.1.tlog
e:\test\opengl\debug\opengl.tlog\link.30784.delete.1.tlog
e:\test\opengl\debug\opengl.tlog\link.30840.delete.1.tlog
e:\test\opengl\debug\opengl.tlog\link.31356.delete.1.tlog
e:\test\opengl\debug\opengl.tlog\link.31532.delete.1.tlog
e:\test\opengl\debug\opengl.tlog\link.31652.delete.1.tlog
e:\test\opengl\debug\opengl.tlog\link.31692.delete.1.tlog
e:\test\opengl\debug\opengl.tlog\link.32340.delete.1.tlog
e:\test\opengl\debug\opengl.tlog\link.32488.delete.1.tlog
e:\test\opengl\debug\opengl.tlog\link.32532.delete.1.tlog
e:\test\opengl\debug\opengl.tlog\link.32564.delete.1.tlog
e:\test\opengl\debug\opengl.tlog\link.32604.delete.1.tlog
e:\test\opengl\debug\opengl.tlog\link.33044.delete.1.tlog
e:\test\opengl\debug\opengl.tlog\link.33104.delete.1.tlog
e:\test\opengl\debug\opengl.tlog\link.33688.delete.1.tlog
e:\test\opengl\debug\opengl.tlog\link.33996.delete.1.tlog
e:\test\opengl\debug\opengl.tlog\link.34036.delete.1.tlog
e:\test\opengl\debug\opengl.tlog\link.34264.delete.1.tlog
e:\test\opengl\debug\opengl.tlog\link.34484.delete.1.tlog
e:\test\opengl\debug\opengl.tlog\link.34656.delete.1.tlog
e:\test\opengl\debug\opengl.tlog\link.34720.delete.1.tlog
e:\test\opengl\debug\opengl.tlog\link.34792.delete.1.tlog
e:\test\opengl\debug\opengl.tlog\link.34820.delete.1.tlog
e:\test\opengl\debug\opengl.tlog\link.35080.delete.1.tlog
e:\test\opengl\debug\opengl.tlog\link.35188.delete.1.tlog
e:\test\opengl\debug\opengl.tlog\link.35272.delete.1.tlog
e:\test\opengl\debug\opengl.tlog\link.35300.delete.1.tlog
e:\test\opengl\debug\opengl.tlog\link.35688.delete.1.tlog
e:\test\opengl\debug\opengl.tlog\link.35864.delete.1.tlog
e:\test\opengl\debug\opengl.tlog\link.35916.delete.1.tlog
e:\test\opengl\debug\opengl.tlog\link.36064.delete.1.tlog
e:\test\opengl\debug\opengl.tlog\link.36280.delete.1.tlog
e:\test\opengl\debug\opengl.tlog\link.36352.delete.1.tlog
e:\test\opengl\debug\opengl.tlog\link.36360.delete.1.tlog
e:\test\opengl\debug\opengl.tlog\link.36604.delete.1.tlog
e:\test\opengl\debug\opengl.tlog\link.36736.delete.1.tlog
e:\test\opengl\debug\opengl.tlog\link.36748.delete.1.tlog
e:\test\opengl\debug\opengl.tlog\link.37192.delete.1.tlog
e:\test\opengl\debug\opengl.tlog\link.37404.delete.1.tlog
e:\test\opengl\debug\opengl.tlog\link.3780.delete.1.tlog
e:\test\opengl\debug\opengl.tlog\link.38040.delete.1.tlog
e:\test\opengl\debug\opengl.tlog\link.38284.delete.1.tlog
e:\test\opengl\debug\opengl.tlog\link.38496.delete.1.tlog
e:\test\opengl\debug\opengl.tlog\link.38796.delete.1.tlog
e:\test\opengl\debug\opengl.tlog\link.39028.delete.1.tlog
e:\test\opengl\debug\opengl.tlog\link.39296.delete.1.tlog
e:\test\opengl\debug\opengl.tlog\link.39748.delete.1.tlog
e:\test\opengl\debug\opengl.tlog\link.39968.delete.1.tlog
e:\test\opengl\debug\opengl.tlog\link.40180.delete.1.tlog
e:\test\opengl\debug\opengl.tlog\link.40932.delete.1.tlog
e:\test\opengl\debug\opengl.tlog\link.4152.delete.1.tlog
e:\test\opengl\debug\opengl.tlog\link.41728.delete.1.tlog
e:\test\opengl\debug\opengl.tlog\link.44028.delete.1.tlog
e:\test\opengl\debug\opengl.tlog\link.44848.delete.1.tlog
e:\test\opengl\debug\opengl.tlog\link.45360.delete.1.tlog
e:\test\opengl\debug\opengl.tlog\link.45840.delete.1.tlog
e:\test\opengl\debug\opengl.tlog\link.4592.delete.1.tlog
e:\test\opengl\debug\opengl.tlog\link.46428.delete.1.tlog
e:\test\opengl\debug\opengl.tlog\link.47804.delete.1.tlog
e:\test\opengl\debug\opengl.tlog\link.49120.delete.1.tlog
e:\test\opengl\debug\opengl.tlog\link.49468.delete.1.tlog
e:\test\opengl\debug\opengl.tlog\link.49708.delete.1.tlog
e:\test\opengl\debug\opengl.tlog\link.4984.delete.1.tlog
e:\test\opengl\debug\opengl.tlog\link.544.delete.1.tlog
e:\test\opengl\debug\opengl.tlog\link.5656.delete.1.tlog
e:\test\opengl\debug\opengl.tlog\link.6100.delete.1.tlog
e:\test\opengl\debug\opengl.tlog\link.6672.delete.1.tlog
e:\test\opengl\debug\opengl.tlog\link.66784.delete.1.tlog
e:\test\opengl\debug\opengl.tlog\link.6700.delete.1.tlog
e:\test\opengl\debug\opengl.tlog\link.6728.delete.1.tlog
e:\test\opengl\debug\opengl.tlog\link.68504.delete.1.tlog
e:\test\opengl\debug\opengl.tlog\link.68580.delete.1.tlog
e:\test\opengl\debug\opengl.tlog\link.6940.delete.1.tlog
e:\test\opengl\debug\opengl.tlog\link.73392.delete.1.tlog
e:\test\opengl\debug\opengl.tlog\link.7496.delete.1.tlog
e:\test\opengl\debug\opengl.tlog\link.79064.delete.1.tlog
e:\test\opengl\debug\opengl.tlog\link.8004.delete.1.tlog
e:\test\opengl\debug\opengl.tlog\link.81156.delete.1.tlog
e:\test\opengl\debug\opengl.tlog\link.84560.delete.1.tlog
e:\test\opengl\debug\opengl.tlog\link.84644.delete.1.tlog
e:\test\opengl\debug\opengl.tlog\link.87156.delete.1.tlog
e:\test\opengl\debug\opengl.tlog\link.9040.delete.1.tlog
e:\test\opengl\debug\opengl.tlog\link.91188.delete.1.tlog
e:\test\opengl\debug\opengl.tlog\link.91644.delete.1.tlog
e:\test\opengl\debug\opengl.tlog\link.91816.delete.1.tlog
e:\test\opengl\debug\opengl.tlog\link.9188.delete.1.tlog
e:\test\opengl\debug\opengl.tlog\link.92076.delete.1.tlog
e:\test\opengl\debug\opengl.tlog\link.92464.delete.1.tlog
e:\test\opengl\debug\opengl.tlog\link.9328.delete.1.tlog
e:\test\opengl\debug\opengl.tlog\link.93940.delete.1.tlog
e:\test\opengl\debug\opengl.tlog\link.93956.delete.1.tlog
e:\test\opengl\debug\opengl.tlog\link.94264.delete.1.tlog
e:\test\opengl\debug\opengl.tlog\link.94836.delete.1.tlog
e:\test\opengl\debug\opengl.tlog\link.95172.delete.1.tlog
e:\test\opengl\debug\opengl.tlog\link.95388.delete.1.tlog
e:\test\opengl\debug\opengl.tlog\link.96212.delete.1.tlog
e:\test\opengl\debug\opengl.tlog\link.9628.delete.1.tlog
e:\test\opengl\debug\opengl.tlog\link.97196.delete.1.tlog
e:\test\opengl\debug\opengl.tlog\link.98300.delete.1.tlog
e:\test\opengl\debug\opengl.tlog\link.98624.delete.1.tlog
e:\test\opengl\debug\opengl.tlog\link.99112.delete.1.tlog
e:\test\opengl\debug\opengl.tlog\link.99520.delete.1.tlog
e:\test\opengl\debug\opengl.tlog\link.99532.delete.1.tlog
e:\test\opengl\debug\opengl.tlog\link.99696.delete.1.tlog
e:\test\opengl\debug\opengl.tlog\link.99776.delete.1.tlog
e:\test\opengl\debug\opengl.tlog\link.9980.delete.1.tlog
e:\test\opengl\debug\opengl.tlog\link.99908.delete.1.tlog
e:\test\opengl\debug\opengl.tlog\link.command.1.tlog
e:\test\opengl\debug\opengl.tlog\link.delete.1.tlog
e:\test\opengl\debug\opengl.tlog\link.read.1.tlog
e:\test\opengl\debug\opengl.tlog\link.write.1.tlog
