  26_PointShadow.cpp
E:\test\opengl\26_PointShadow.cpp(29,15): warning C4244: “初始化”: 从“GLuint”转换到“GLfloat”，可能丢失数据
E:\test\opengl\26_PointShadow.cpp(29,34): warning C4244: “初始化”: 从“GLuint”转换到“GLfloat”，可能丢失数据
E:\test\opengl\26_PointShadow.cpp(102,20): warning C4244: “初始化”: 从“double”转换到“GLfloat”，可能丢失数据
E:\test\opengl\26_PointShadow.cpp(205,11): warning C4244: “=”: 从“double”转换到“GLfloat”，可能丢失数据
E:\test\opengl\26_PointShadow.cpp(206,11): warning C4244: “=”: 从“double”转换到“GLfloat”，可能丢失数据
E:\test\opengl\26_PointShadow.cpp(210,18): warning C4244: “初始化”: 从“double”转换到“GLfloat”，可能丢失数据
E:\test\opengl\26_PointShadow.cpp(211,18): warning C4244: “初始化”: 从“double”转换到“GLfloat”，可能丢失数据
E:\test\opengl\26_PointShadow.cpp(212,10): warning C4244: “=”: 从“double”转换到“GLfloat”，可能丢失数据
E:\test\opengl\26_PointShadow.cpp(213,10): warning C4244: “=”: 从“double”转换到“GLfloat”，可能丢失数据
E:\test\opengl\26_PointShadow.cpp(220,21): warning C4244: “参数”: 从“double”转换到“GLfloat”，可能丢失数据
  SOIL.lib(SOIL.obj) : 找到 MSIL .netmodule 或使用 /GL 编译的模块；正在使用 /LTCG 重新启动链接；将 /LTCG 添加到链接命令行以改进链接器性能
LINK : warning LNK4075: 忽略“/INCREMENTAL”(由于“/LTCG”规范)
  正在生成代码
  已完成代码的生成
LINK : warning LNK4286: 符号“___glewAttachShader”(在“glew32s.lib(glew.obj)”中定义)已由“Shader.obj”导入
LINK : warning LNK4286: 符号“___glewCompileShader”(在“glew32s.lib(glew.obj)”中定义)已由“Shader.obj”导入
LINK : warning LNK4286: 符号“___glewCreateProgram”(在“glew32s.lib(glew.obj)”中定义)已由“Shader.obj”导入
LINK : warning LNK4286: 符号“___glewCreateShader”(在“glew32s.lib(glew.obj)”中定义)已由“Shader.obj”导入
LINK : warning LNK4286: 符号“___glewDeleteShader”(在“glew32s.lib(glew.obj)”中定义)已由“Shader.obj”导入
LINK : warning LNK4286: 符号“___glewGetProgramInfoLog”(在“glew32s.lib(glew.obj)”中定义)已由“Shader.obj”导入
LINK : warning LNK4286: 符号“___glewGetProgramiv”(在“glew32s.lib(glew.obj)”中定义)已由“Shader.obj”导入
LINK : warning LNK4286: 符号“___glewGetShaderInfoLog”(在“glew32s.lib(glew.obj)”中定义)已由“Shader.obj”导入
LINK : warning LNK4286: 符号“___glewGetShaderiv”(在“glew32s.lib(glew.obj)”中定义)已由“Shader.obj”导入
LINK : warning LNK4286: 符号“___glewGetUniformLocation”(在“glew32s.lib(glew.obj)”中定义)已由“Shader.obj”导入
LINK : warning LNK4286: 符号“___glewLinkProgram”(在“glew32s.lib(glew.obj)”中定义)已由“Shader.obj”导入
LINK : warning LNK4286: 符号“___glewShaderSource”(在“glew32s.lib(glew.obj)”中定义)已由“Shader.obj”导入
LINK : warning LNK4286: 符号“___glewUniform1f”(在“glew32s.lib(glew.obj)”中定义)已由“Shader.obj”导入
LINK : warning LNK4286: 符号“___glewUniform1i”(在“glew32s.lib(glew.obj)”中定义)已由“Shader.obj”导入
LINK : warning LNK4286: 符号“___glewUniform2f”(在“glew32s.lib(glew.obj)”中定义)已由“Shader.obj”导入
LINK : warning LNK4286: 符号“___glewUniform2fv”(在“glew32s.lib(glew.obj)”中定义)已由“Shader.obj”导入
LINK : warning LNK4286: 符号“___glewUniform3f”(在“glew32s.lib(glew.obj)”中定义)已由“Shader.obj”导入
LINK : warning LNK4286: 符号“___glewUniform3fv”(在“glew32s.lib(glew.obj)”中定义)已由“Shader.obj”导入
LINK : warning LNK4286: 符号“___glewUniformMatrix2fv”(在“glew32s.lib(glew.obj)”中定义)已由“Shader.obj”导入
LINK : warning LNK4286: 符号“___glewUniformMatrix3fv”(在“glew32s.lib(glew.obj)”中定义)已由“Shader.obj”导入
LINK : warning LNK4286: 符号“___glewUniformMatrix4fv”(在“glew32s.lib(glew.obj)”中定义)已由“Shader.obj”导入
LINK : warning LNK4286: 符号“___glewUseProgram”(在“glew32s.lib(glew.obj)”中定义)已由“Shader.obj”导入
glew32s.lib(glew.obj) : warning LNK4099: 未找到 PDB“glew_static.pdb”(使用“glew32s.lib(glew.obj)”或在“E:\test\opengl\Debug\glew_static.pdb”中寻找)；正在链接对象，如同没有调试信息一样
  opengl.vcxproj -> E:\test\opengl\Debug\opengl.exe
